<?xml version="1.0" encoding="UTF-8"?>
<!-- Generated by org.testng.reporters.JUnitReportReporter -->
<testsuite skipped="0" hostname="samsung-PC" name="com.tieto.TestMySkills" tests="1" failures="0" timestamp="06 Jun 2017 12:59:15 GMT" time="0.022" errors="0">
  <testcase name="mysum" time="0.022" classname="com.tieto.TestMySkills"/>
</testsuite> <!-- com.tieto.TestMySkills -->
